<?xml version="1.0" encoding="UTF-8"?>
<testsuites>
    <testsuite name="approve-user;approve-user" tests="3" failures="1" skipped="1">
        <properties>
            <property name="@search" value="true">
            </property>
            <property name="URI" value="/home/sujan/Dropbox/Dissertation/Agile/sprint2/Panchasil-Management-System-Frontend/test/features/approve.feature">
            </property>
        </properties>
        <testcase name="Given I am on the admin approve page" classname="approve-user;approve-user" time="4.614124937">
        </testcase>
        <testcase name="When I click approve" classname="approve-user;approve-user" time="0.659178236">
            <failure message="NoSuchElementError: Unable to locate element: *[id=&quot;approve&quot;]">NoSuchElementError: Unable to locate element: *[id=&quot;approve&quot;]
    at Object.throwDecodedError (/home/sujan/Dropbox/Dissertation/Agile/sprint2/Panchasil-Management-System-Frontend/test/node_modules/selenium-webdriver/lib/error.js:550:15)
    at parseHttpResponse (/home/sujan/Dropbox/Dissertation/Agile/sprint2/Panchasil-Management-System-Frontend/test/node_modules/selenium-webdriver/lib/http.js:565:13)
    at Executor.execute (/home/sujan/Dropbox/Dissertation/Agile/sprint2/Panchasil-Management-System-Frontend/test/node_modules/selenium-webdriver/lib/http.js:491:26)
    at processTicksAndRejections (internal/process/task_queues.js:93:5)
    at async thenableWebDriverProxy.execute (/home/sujan/Dropbox/Dissertation/Agile/sprint2/Panchasil-Management-System-Frontend/test/node_modules/selenium-webdriver/lib/webdriver.js:700:17)
    at async toWireValue (/home/sujan/Dropbox/Dissertation/Agile/sprint2/Panchasil-Management-System-Frontend/test/node_modules/selenium-webdriver/lib/webdriver.js:139:15)
    at async /home/sujan/Dropbox/Dissertation/Agile/sprint2/Panchasil-Management-System-Frontend/test/node_modules/selenium-webdriver/lib/webdriver.js:190:16
    at async forEachKey (/home/sujan/Dropbox/Dissertation/Agile/sprint2/Panchasil-Management-System-Frontend/test/node_modules/selenium-webdriver/lib/webdriver.js:184:9)
    at async convertKeys (/home/sujan/Dropbox/Dissertation/Agile/sprint2/Panchasil-Management-System-Frontend/test/node_modules/selenium-webdriver/lib/webdriver.js:189:3)
    at async thenableWebDriverProxy.execute (/home/sujan/Dropbox/Dissertation/Agile/sprint2/Panchasil-Management-System-Frontend/test/node_modules/selenium-webdriver/lib/webdriver.js:698:22)</failure>
        </testcase>
        <testcase name="Then I should not see the user" classname="approve-user;approve-user">
            <skipped message="">
            </skipped>
        </testcase>
    </testsuite>
    <testsuite name="login-in-panchasil;login-for-registered-and-approved-user" tests="3" failures="1" skipped="0">
        <properties>
            <property name="@search" value="true">
            </property>
            <property name="URI" value="/home/sujan/Dropbox/Dissertation/Agile/sprint2/Panchasil-Management-System-Frontend/test/features/login.feature">
            </property>
        </properties>
        <testcase name="Given I am on the Panchasil Login page" classname="login-in-panchasil;login-for-registered-and-approved-user" time="4.179299246">
        </testcase>
        <testcase name="When I enter &quot;baxanacharya@gmail.com&quot; and I enter &quot;baxan1234&quot; and I click login" classname="login-in-panchasil;login-for-registered-and-approved-user" time="0.755330774">
        </testcase>
        <testcase name="Then I should see &quot;Welcome&quot; in the results" classname="login-in-panchasil;login-for-registered-and-approved-user" time="0.006097361">
            <failure message="NoSuchElementError: Unable to locate element: *[id=&quot;welcome&quot;]">NoSuchElementError: Unable to locate element: *[id=&quot;welcome&quot;]
    at Object.throwDecodedError (/home/sujan/Dropbox/Dissertation/Agile/sprint2/Panchasil-Management-System-Frontend/test/node_modules/selenium-webdriver/lib/error.js:550:15)
    at parseHttpResponse (/home/sujan/Dropbox/Dissertation/Agile/sprint2/Panchasil-Management-System-Frontend/test/node_modules/selenium-webdriver/lib/http.js:565:13)
    at Executor.execute (/home/sujan/Dropbox/Dissertation/Agile/sprint2/Panchasil-Management-System-Frontend/test/node_modules/selenium-webdriver/lib/http.js:491:26)
    at processTicksAndRejections (internal/process/task_queues.js:93:5)
    at async thenableWebDriverProxy.execute (/home/sujan/Dropbox/Dissertation/Agile/sprint2/Panchasil-Management-System-Frontend/test/node_modules/selenium-webdriver/lib/webdriver.js:700:17)
    at async toWireValue (/home/sujan/Dropbox/Dissertation/Agile/sprint2/Panchasil-Management-System-Frontend/test/node_modules/selenium-webdriver/lib/webdriver.js:139:15)
    at async /home/sujan/Dropbox/Dissertation/Agile/sprint2/Panchasil-Management-System-Frontend/test/node_modules/selenium-webdriver/lib/webdriver.js:190:16
    at async forEachKey (/home/sujan/Dropbox/Dissertation/Agile/sprint2/Panchasil-Management-System-Frontend/test/node_modules/selenium-webdriver/lib/webdriver.js:184:9)
    at async convertKeys (/home/sujan/Dropbox/Dissertation/Agile/sprint2/Panchasil-Management-System-Frontend/test/node_modules/selenium-webdriver/lib/webdriver.js:189:3)
    at async thenableWebDriverProxy.execute (/home/sujan/Dropbox/Dissertation/Agile/sprint2/Panchasil-Management-System-Frontend/test/node_modules/selenium-webdriver/lib/webdriver.js:698:22)</failure>
        </testcase>
    </testsuite>
    <testsuite name="view-news;view-news" tests="3" failures="0" skipped="0">
        <properties>
            <property name="@search" value="true">
            </property>
            <property name="URI" value="/home/sujan/Dropbox/Dissertation/Agile/sprint2/Panchasil-Management-System-Frontend/test/features/news.feature">
            </property>
        </properties>
        <testcase name="Given I am logged in userType" classname="view-news;view-news" time="5.121334323">
        </testcase>
        <testcase name="When I am on view news page" classname="view-news;view-news" time="0.578935394">
        </testcase>
        <testcase name="Then I should see &quot;Posted By:&quot; in the news" classname="view-news;view-news" time="0.062353988">
        </testcase>
    </testsuite>
    <testsuite name="view-notice;view-notice" tests="3" failures="1" skipped="2">
        <properties>
            <property name="@search" value="true">
            </property>
            <property name="URI" value="/home/sujan/Dropbox/Dissertation/Agile/sprint2/Panchasil-Management-System-Frontend/test/features/notice.feature">
            </property>
        </properties>
        <testcase name="Given I am logged in user" classname="view-notice;view-notice" time="3.50699678">
            <failure message="NoSuchElementError: Unable to locate element: *[id=&quot;login&quot;]">NoSuchElementError: Unable to locate element: *[id=&quot;login&quot;]
    at Object.throwDecodedError (/home/sujan/Dropbox/Dissertation/Agile/sprint2/Panchasil-Management-System-Frontend/test/node_modules/selenium-webdriver/lib/error.js:550:15)
    at parseHttpResponse (/home/sujan/Dropbox/Dissertation/Agile/sprint2/Panchasil-Management-System-Frontend/test/node_modules/selenium-webdriver/lib/http.js:565:13)
    at Executor.execute (/home/sujan/Dropbox/Dissertation/Agile/sprint2/Panchasil-Management-System-Frontend/test/node_modules/selenium-webdriver/lib/http.js:491:26)
    at processTicksAndRejections (internal/process/task_queues.js:93:5)
    at async thenableWebDriverProxy.execute (/home/sujan/Dropbox/Dissertation/Agile/sprint2/Panchasil-Management-System-Frontend/test/node_modules/selenium-webdriver/lib/webdriver.js:700:17)
    at async toWireValue (/home/sujan/Dropbox/Dissertation/Agile/sprint2/Panchasil-Management-System-Frontend/test/node_modules/selenium-webdriver/lib/webdriver.js:139:15)
    at async /home/sujan/Dropbox/Dissertation/Agile/sprint2/Panchasil-Management-System-Frontend/test/node_modules/selenium-webdriver/lib/webdriver.js:190:16
    at async forEachKey (/home/sujan/Dropbox/Dissertation/Agile/sprint2/Panchasil-Management-System-Frontend/test/node_modules/selenium-webdriver/lib/webdriver.js:184:9)
    at async convertKeys (/home/sujan/Dropbox/Dissertation/Agile/sprint2/Panchasil-Management-System-Frontend/test/node_modules/selenium-webdriver/lib/webdriver.js:189:3)
    at async thenableWebDriverProxy.execute (/home/sujan/Dropbox/Dissertation/Agile/sprint2/Panchasil-Management-System-Frontend/test/node_modules/selenium-webdriver/lib/webdriver.js:698:22)</failure>
        </testcase>
        <testcase name="When I am on view notice page" classname="view-notice;view-notice">
            <skipped message="">
            </skipped>
        </testcase>
        <testcase name="Then I should see &quot;Posted By:&quot; in the notice" classname="view-notice;view-notice">
            <skipped message="">
            </skipped>
        </testcase>
    </testsuite>
    <testsuite name="register-in-panchasil;user-registeration-vaidation-test" tests="3" failures="0" skipped="0">
        <properties>
            <property name="@search" value="true">
            </property>
            <property name="URI" value="/home/sujan/Dropbox/Dissertation/Agile/sprint2/Panchasil-Management-System-Frontend/test/features/registration.feature">
            </property>
        </properties>
        <testcase name="Given I am on the Panchasil Registration page" classname="register-in-panchasil;user-registeration-vaidation-test" time="4.051392473">
        </testcase>
        <testcase name="When I enter &quot;odarisujan@gmail.com&quot; and I enter &quot;Sujan Odari&quot; and I enter &quot;Male&quot; and I enter &quot;Damak&quot; and I enter &quot;08/24/2000&quot; and I enter &quot;9817091757&quot; and I enter &quot;Sujan Odari&quot; and I enter &quot;Damak&quot; and I enter &quot;9800987689&quot; and I enter &quot;Cat&quot; and I enter &quot;Student&quot; and I enter &quot;sujan1234&quot; and I enter &quot;sujan098&quot;" classname="register-in-panchasil;user-registeration-vaidation-test" time="1.194287317">
        </testcase>
        <testcase name="Then I should see &quot;The date field is required.&quot;" classname="register-in-panchasil;user-registeration-vaidation-test" time="0.306744422">
        </testcase>
    </testsuite>
    <testsuite name="view-subject;view-subject" tests="3" failures="0" skipped="0">
        <properties>
            <property name="@search" value="true">
            </property>
            <property name="URI" value="/home/sujan/Dropbox/Dissertation/Agile/sprint2/Panchasil-Management-System-Frontend/test/features/subject.feature">
            </property>
        </properties>
        <testcase name="Given I am logged in userType Admin" classname="view-subject;view-subject" time="5.026695572">
        </testcase>
        <testcase name="When I am on view subject page" classname="view-subject;view-subject" time="0.537746552">
        </testcase>
        <testcase name="Then I should see &quot;Add Subjects for class&quot; in the subject" classname="view-subject;view-subject" time="0.0444453">
        </testcase>
    </testsuite>
</testsuites>