<?xml version="1.0" encoding="UTF-8"?>
<testsuites>
    <testsuite name="delete-questionbank;delete-questionbank" tests="3" failures="1" skipped="2">
        <properties>
            <property name="@search" value="true">
            </property>
            <property name="URI" value="C:/Users/acer/Desktop/Agile ass/Panchasil-Management-System-Frontend/test/features/deleteQuestionBank.feature">
            </property>
        </properties>
        <testcase name="Given I am on the delete question bank page" classname="delete-questionbank;delete-questionbank" time="15.0028004">
            <failure message="function timed out after 15000 milliseconds">function timed out after 15000 milliseconds</failure>
        </testcase>
        <testcase name="When I click delete" classname="delete-questionbank;delete-questionbank">
            <skipped message="">
            </skipped>
        </testcase>
        <testcase name="Then I should not see the QuestionBank" classname="delete-questionbank;delete-questionbank">
            <skipped message="">
            </skipped>
        </testcase>
    </testsuite>
</testsuites>